warning: in the working copy of 'frontend/src/views/admin/index.js', CRLF will be replaced by LF the next time Git touches it
warning: in the working copy of 'frontend/src/views/public/Bookings.vue', CRLF will be replaced by LF the next time Git touches it
warning: in the working copy of 'frontend/src/views/public/Home.vue', CRLF will be replaced by LF the next time Git touches it
[master 78e48ed] Sauvegarde automatique 2026-01-22 00:00:01
 9 files changed, 82 insertions(+), 19 deletions(-)
 create mode 100644 backup.log
 create mode 100644 frontend/src/assets/pictures/C-1.jpg
 create mode 100644 frontend/src/views/admin/MailBox.vue
To github.com:Nicanor1999/maison-gansou.git
   4bf40ba..78e48ed  master -> master
Backup terminé à 2026-01-22 00:00:03
warning: in the working copy of 'frontend/src/views/admin/Blog.vue', CRLF will be replaced by LF the next time Git touches it
warning: in the working copy of 'frontend/src/views/admin/Bookings.vue', CRLF will be replaced by LF the next time Git touches it
warning: in the working copy of 'frontend/src/views/admin/Dashboard.vue', CRLF will be replaced by LF the next time Git touches it
warning: in the working copy of 'frontend/src/views/admin/Layout.vue', CRLF will be replaced by LF the next time Git touches it
warning: in the working copy of 'frontend/src/views/admin/Projects.vue', CRLF will be replaced by LF the next time Git touches it
[master b0e60ab] Sauvegarde automatique 2026-01-23 00:00:01
 7 files changed, 3385 insertions(+), 21 deletions(-)
To github.com:Nicanor1999/maison-gansou.git
   78e48ed..b0e60ab  master -> master
Backup terminé à 2026-01-23 00:00:03
