{"level":"info","message":"Scheduled job: AuthSessionCleanupJob with schedule 0 * * * *","timestamp":"2026-01-23T14:36:20.866Z"}
{"level":"info","message":"Scheduled job: AuthSessionCleanupJob with schedule 0 * * * *","timestamp":"2026-01-23T16:57:29.953Z"}
{"level":"info","message":"Scheduled job: AuthSessionCleanupJob with schedule 0 * * * *","timestamp":"2026-01-23T16:57:38.425Z"}
{"level":"error","message":"\n        Error occurred with status code 422:\n            Message: \"password\" is required\n            Severity: medium severity\n            Errors: []\n         \n        ","timestamp":"2026-01-23T16:58:47.594Z"}
{"level":"error","message":"Error: \"password\" is required\n    at create (/app/src/modules/admin/controllers/admin.controller.js:30:22)\n    at /app/src/routes/route.parent.js:10:58\n    at Layer.handle [as handle_request] (/app/node_modules/express/lib/router/layer.js:95:5)\n    at next (/app/node_modules/express/lib/router/route.js:149:13)\n    at Route.dispatch (/app/node_modules/express/lib/router/route.js:119:3)\n    at Layer.handle [as handle_request] (/app/node_modules/express/lib/router/layer.js:95:5)\n    at /app/node_modules/express/lib/router/index.js:284:15\n    at Function.process_params (/app/node_modules/express/lib/router/index.js:346:12)\n    at next (/app/node_modules/express/lib/router/index.js:280:10)\n    at Function.handle (/app/node_modules/express/lib/router/index.js:175:3)","timestamp":"2026-01-23T16:58:47.597Z"}
{"level":"warn","message":"\n        Error occurred with status code medium:\n            Message: Schema Validation Error\n            Severity: `SUPER_ADMIN` is not a valid enum value for path `roles.0`. severity\n            Errors: \"Admin validation failed: roles.0: `SUPER_ADMIN` is not a valid enum value for path `roles.0`.\"\n         \n        ","timestamp":"2026-01-23T16:59:01.191Z"}
{"level":"error","message":"Error: Schema Validation Error\n    at ErrorHandlerMiddlewareMiddlewares.handler (/app/src/shared/middlewares/error.handler.middlewares.js:81:25)\n    at process.processTicksAndRejections (node:internal/process/task_queues:95:5)","timestamp":"2026-01-23T16:59:01.191Z"}
{"level":"error","message":"\n        Error occurred with status code 422:\n            Message: \"roles\" is required\n            Severity: medium severity\n            Errors: []\n         \n        ","timestamp":"2026-01-23T17:06:26.384Z"}
{"level":"error","message":"Error: \"roles\" is required\n    at create (/app/src/modules/admin/controllers/admin.controller.js:30:22)\n    at /app/src/routes/route.parent.js:10:58\n    at Layer.handle [as handle_request] (/app/node_modules/express/lib/router/layer.js:95:5)\n    at next (/app/node_modules/express/lib/router/route.js:149:13)\n    at Route.dispatch (/app/node_modules/express/lib/router/route.js:119:3)\n    at Layer.handle [as handle_request] (/app/node_modules/express/lib/router/layer.js:95:5)\n    at /app/node_modules/express/lib/router/index.js:284:15\n    at Function.process_params (/app/node_modules/express/lib/router/index.js:346:12)\n    at next (/app/node_modules/express/lib/router/index.js:280:10)\n    at Function.handle (/app/node_modules/express/lib/router/index.js:175:3)","timestamp":"2026-01-23T17:06:26.386Z"}
{"level":"error","message":"\n        Error occurred with status code 422:\n            Message: \"roles\" is required\n            Severity: medium severity\n            Errors: []\n         \n        ","timestamp":"2026-01-23T17:06:34.097Z"}
{"level":"error","message":"Error: \"roles\" is required\n    at create (/app/src/modules/admin/controllers/admin.controller.js:30:22)\n    at /app/src/routes/route.parent.js:10:58\n    at Layer.handle [as handle_request] (/app/node_modules/express/lib/router/layer.js:95:5)\n    at next (/app/node_modules/express/lib/router/route.js:149:13)\n    at Route.dispatch (/app/node_modules/express/lib/router/route.js:119:3)\n    at Layer.handle [as handle_request] (/app/node_modules/express/lib/router/layer.js:95:5)\n    at /app/node_modules/express/lib/router/index.js:284:15\n    at Function.process_params (/app/node_modules/express/lib/router/index.js:346:12)\n    at next (/app/node_modules/express/lib/router/index.js:280:10)\n    at Function.handle (/app/node_modules/express/lib/router/index.js:175:3)","timestamp":"2026-01-23T17:06:34.098Z"}
{"level":"info","message":"Scheduled job: AuthSessionCleanupJob with schedule 0 * * * *","timestamp":"2026-01-23T17:07:55.646Z"}
{"level":"warn","message":"\n        Error occurred with status code 400:\n            Message: This account is not active.\n            Severity: low severity\n            Errors: []\n         \n        ","timestamp":"2026-01-23T17:23:23.673Z"}
{"level":"error","message":"Error: This account is not active.\n    at AdminAuthServices.signin (/app/src/modules/admin/services/auth.admin.services.js:95:34)\n    at process.processTicksAndRejections (node:internal/process/task_queues:95:5)\n    at async signin (/app/src/modules/admin/controllers/auth.admin.controller.js:94:22)","timestamp":"2026-01-23T17:23:23.675Z"}
{"level":"error","message":"\n        Error occurred with status code 422:\n            Message: \"Tags\" must be a string\n            Severity: medium severity\n            Errors: []\n         \n        ","timestamp":"2026-01-23T18:14:28.762Z"}
{"level":"error","message":"Error: \"Tags\" must be a string\n    at create (/app/src/modules/admin/controllers/article.controllers.js:29:22)\n    at /app/src/routes/route.parent.js:10:58\n    at Layer.handle [as handle_request] (/app/node_modules/express/lib/router/layer.js:95:5)\n    at next (/app/node_modules/express/lib/router/route.js:149:13)\n    at /app/src/modules/admin/middlewares/auth.admin.middlewares.js:79:18\n    at process.processTicksAndRejections (node:internal/process/task_queues:95:5)","timestamp":"2026-01-23T18:14:28.764Z"}
{"level":"error","message":"\n        Error occurred with status code 422:\n            Message: \"Name\" is not allowed\n            Severity: medium severity\n            Errors: []\n         \n        ","timestamp":"2026-01-23T18:15:50.044Z"}
{"level":"error","message":"Error: \"Name\" is not allowed\n    at create (/app/src/modules/admin/controllers/tags.controllers.js:29:22)\n    at /app/src/routes/route.parent.js:10:58\n    at Layer.handle [as handle_request] (/app/node_modules/express/lib/router/layer.js:95:5)\n    at next (/app/node_modules/express/lib/router/route.js:149:13)\n    at /app/src/modules/admin/middlewares/auth.admin.middlewares.js:79:18\n    at process.processTicksAndRejections (node:internal/process/task_queues:95:5)","timestamp":"2026-01-23T18:15:50.045Z"}
{"level":"info","message":"Scheduled job: AuthSessionCleanupJob with schedule 0 * * * *","timestamp":"2026-01-23T18:20:50.485Z"}
{"level":"info","message":"Scheduled job: AuthSessionCleanupJob with schedule 0 * * * *","timestamp":"2026-01-23T18:24:05.311Z"}
{"level":"error","message":"\n        Error occurred with status code 422:\n            Message: \"Name\" is not allowed\n            Severity: medium severity\n            Errors: []\n         \n        ","timestamp":"2026-01-23T18:28:03.887Z"}
{"level":"error","message":"Error: \"Name\" is not allowed\n    at create (/app/src/modules/admin/controllers/tags.controllers.js:29:22)\n    at /app/src/routes/route.parent.js:10:58\n    at Layer.handle [as handle_request] (/app/node_modules/express/lib/router/layer.js:95:5)\n    at next (/app/node_modules/express/lib/router/route.js:149:13)\n    at /app/src/modules/admin/middlewares/auth.admin.middlewares.js:79:18\n    at process.processTicksAndRejections (node:internal/process/task_queues:95:5)","timestamp":"2026-01-23T18:28:03.888Z"}
{"level":"error","message":"\n        Error occurred with status code 422:\n            Message: \"Name\" is not allowed\n            Severity: medium severity\n            Errors: []\n         \n        ","timestamp":"2026-01-23T18:30:58.523Z"}
{"level":"error","message":"Error: \"Name\" is not allowed\n    at create (/app/src/modules/admin/controllers/tags.controllers.js:29:22)\n    at /app/src/routes/route.parent.js:10:58\n    at Layer.handle [as handle_request] (/app/node_modules/express/lib/router/layer.js:95:5)\n    at next (/app/node_modules/express/lib/router/route.js:149:13)\n    at /app/src/modules/admin/middlewares/auth.admin.middlewares.js:79:18\n    at process.processTicksAndRejections (node:internal/process/task_queues:95:5)","timestamp":"2026-01-23T18:30:58.524Z"}
{"level":"error","message":"\n        Error occurred with status code 401:\n            Message: Session not found or expired\n            Severity: medium severity\n            Errors: \"INVALID_TOKEN\"\n         \n        ","timestamp":"2026-01-24T10:46:15.381Z"}
{"level":"error","message":401,"timestamp":"2026-01-24T10:46:15.382Z"}
{"level":"info","message":"Scheduled job: AuthSessionCleanupJob with schedule 0 * * * *","timestamp":"2026-01-24T10:47:43.579Z"}
{"level":"info","message":"Scheduled job: AuthSessionCleanupJob with schedule 0 * * * *","timestamp":"2026-01-24T10:48:26.207Z"}
{"level":"error","message":"\n        Error occurred with status code 401:\n            Message: Session not found or expired\n            Severity: medium severity\n            Errors: \"INVALID_TOKEN\"\n         \n        ","timestamp":"2026-01-24T10:51:26.200Z"}
{"level":"error","message":401,"timestamp":"2026-01-24T10:51:26.202Z"}
{"level":"error","message":"\n        Error occurred with status code 401:\n            Message: Access denied.\n            Severity: medium severity\n            Errors: \"ERR011\"\n         \n        ","timestamp":"2026-01-24T10:53:50.628Z"}
{"level":"error","message":401,"timestamp":"2026-01-24T10:53:50.629Z"}
{"level":"error","message":"\n        Error occurred with status code 401:\n            Message: Session not found or expired\n            Severity: medium severity\n            Errors: \"INVALID_TOKEN\"\n         \n        ","timestamp":"2026-01-24T10:55:51.689Z"}
{"level":"error","message":401,"timestamp":"2026-01-24T10:55:51.690Z"}
{"level":"error","message":"\n        Error occurred with status code 401:\n            Message: Access denied.\n            Severity: medium severity\n            Errors: \"ERR011\"\n         \n        ","timestamp":"2026-01-24T11:03:14.692Z"}
{"level":"error","message":401,"timestamp":"2026-01-24T11:03:14.693Z"}
{"level":"error","message":"\n        Error occurred with status code 401:\n            Message: Access denied.\n            Severity: medium severity\n            Errors: \"ERR011\"\n         \n        ","timestamp":"2026-01-24T11:10:15.663Z"}
{"level":"error","message":401,"timestamp":"2026-01-24T11:10:15.664Z"}
{"level":"error","message":"\n        Error occurred with status code 422:\n            Message: \"Availability\" must be a boolean\n            Severity: medium severity\n            Errors: []\n         \n        ","timestamp":"2026-01-24T11:20:16.077Z"}
{"level":"error","message":"Error: \"Availability\" must be a boolean\n    at create (/app/src/modules/admin/controllers/offer.controllers.js:29:22)\n    at /app/src/routes/route.parent.js:10:58\n    at Layer.handle [as handle_request] (/app/node_modules/express/lib/router/layer.js:95:5)\n    at next (/app/node_modules/express/lib/router/route.js:149:13)\n    at done (/app/node_modules/multer/lib/make-middleware.js:47:7)\n    at indicateDone (/app/node_modules/multer/lib/make-middleware.js:51:68)\n    at /app/node_modules/multer/lib/make-middleware.js:157:11\n    at WriteStream.<anonymous> (/app/node_modules/multer/storage/disk.js:43:9)\n    at WriteStream.emit (node:events:536:35)\n    at finish (node:internal/streams/writable:955:10)","timestamp":"2026-01-24T11:20:16.078Z"}
{"level":"info","message":"Scheduled job: AuthSessionCleanupJob with schedule 0 * * * *","timestamp":"2026-01-24T19:39:02.485Z"}
{"level":"info","message":"Scheduled job: AuthSessionCleanupJob with schedule 0 * * * *","timestamp":"2026-01-24T19:39:18.489Z"}
{"level":"error","message":"\n        Error occurred with status code 422:\n            Message: \"First_Name\" is not allowed\n            Severity: medium severity\n            Errors: []\n         \n        ","timestamp":"2026-01-24T23:17:54.779Z"}
{"level":"error","message":"Error: \"First_Name\" is not allowed\n    at create (/app/src/modules/admin/controllers/reservation.controllers.js:29:22)\n    at /app/src/routes/route.parent.js:10:58\n    at Layer.handle [as handle_request] (/app/node_modules/express/lib/router/layer.js:95:5)\n    at next (/app/node_modules/express/lib/router/route.js:149:13)\n    at Route.dispatch (/app/node_modules/express/lib/router/route.js:119:3)\n    at Layer.handle [as handle_request] (/app/node_modules/express/lib/router/layer.js:95:5)\n    at /app/node_modules/express/lib/router/index.js:284:15\n    at Function.process_params (/app/node_modules/express/lib/router/index.js:346:12)\n    at next (/app/node_modules/express/lib/router/index.js:280:10)\n    at Function.handle (/app/node_modules/express/lib/router/index.js:175:3)","timestamp":"2026-01-24T23:17:54.783Z"}
{"level":"error","message":"\n        Error occurred with status code 422:\n            Message: \"First_Name\" is not allowed\n            Severity: medium severity\n            Errors: []\n         \n        ","timestamp":"2026-01-24T23:21:15.572Z"}
{"level":"error","message":"Error: \"First_Name\" is not allowed\n    at create (/app/src/modules/admin/controllers/reservation.controllers.js:29:22)\n    at /app/src/routes/route.parent.js:10:58\n    at Layer.handle [as handle_request] (/app/node_modules/express/lib/router/layer.js:95:5)\n    at next (/app/node_modules/express/lib/router/route.js:149:13)\n    at Route.dispatch (/app/node_modules/express/lib/router/route.js:119:3)\n    at Layer.handle [as handle_request] (/app/node_modules/express/lib/router/layer.js:95:5)\n    at /app/node_modules/express/lib/router/index.js:284:15\n    at Function.process_params (/app/node_modules/express/lib/router/index.js:346:12)\n    at next (/app/node_modules/express/lib/router/index.js:280:10)\n    at Function.handle (/app/node_modules/express/lib/router/index.js:175:3)","timestamp":"2026-01-24T23:21:15.572Z"}
{"level":"info","message":"Scheduled job: AuthSessionCleanupJob with schedule 0 * * * *","timestamp":"2026-01-26T08:01:40.118Z"}
{"level":"info","message":"Scheduled job: AuthSessionCleanupJob with schedule 0 * * * *","timestamp":"2026-01-26T08:02:12.531Z"}
{"level":"info","message":"Scheduled job: AuthSessionCleanupJob with schedule 0 * * * *","timestamp":"2026-01-26T08:07:03.552Z"}
{"level":"info","message":"Scheduled job: AuthSessionCleanupJob with schedule 0 * * * *","timestamp":"2026-01-26T08:07:28.890Z"}
{"level":"info","message":"Scheduled job: AuthSessionCleanupJob with schedule 0 * * * *","timestamp":"2026-01-26T08:07:43.587Z"}
{"level":"info","message":"Scheduled job: AuthSessionCleanupJob with schedule 0 * * * *","timestamp":"2026-01-26T08:09:32.251Z"}
{"level":"info","message":"Scheduled job: AuthSessionCleanupJob with schedule 0 * * * *","timestamp":"2026-01-26T08:09:40.770Z"}
{"level":"info","message":"Scheduled job: AuthSessionCleanupJob with schedule 0 * * * *","timestamp":"2026-01-26T08:09:53.231Z"}
{"level":"info","message":"Scheduled job: AuthSessionCleanupJob with schedule 0 * * * *","timestamp":"2026-01-26T08:10:02.539Z"}
{"level":"info","message":"Scheduled job: AuthSessionCleanupJob with schedule 0 * * * *","timestamp":"2026-01-26T08:11:50.988Z"}
{"level":"info","message":"Scheduled job: AuthSessionCleanupJob with schedule 0 * * * *","timestamp":"2026-01-26T08:12:03.700Z"}
{"level":"info","message":"Scheduled job: AuthSessionCleanupJob with schedule 0 * * * *","timestamp":"2026-01-26T08:13:50.486Z"}
